0 info it worked if it ends with ok
1 verbose cli [ '/usr/local/bin/node', '/usr/local/bin/npm', 'publish' ]
2 info using npm@3.7.5
3 info using node@v6.6.0
4 verbose publish [ '.' ]
5 silly cache add args [ '.', null ]
6 verbose cache add spec .
7 silly cache add parsed spec Result {
7 silly cache add   raw: '.',
7 silly cache add   scope: null,
7 silly cache add   name: null,
7 silly cache add   rawSpec: '.',
7 silly cache add   spec: '/data/github/seekjs',
7 silly cache add   type: 'directory' }
8 verbose addLocalDirectory /Users/likaituan/.npm/seekjs/2.0.8/package.tgz not in flight; packing
9 verbose correctMkdir /Users/likaituan/.npm correctMkdir not in flight; initializing
10 info lifecycle seekjs@2.0.8~prepublish: seekjs@2.0.8
11 silly lifecycle seekjs@2.0.8~prepublish: no script for prepublish, continuing
12 verbose tar pack [ '/Users/likaituan/.npm/seekjs/2.0.8/package.tgz',
12 verbose tar pack   '/data/github/seekjs' ]
13 verbose tarball /Users/likaituan/.npm/seekjs/2.0.8/package.tgz
14 verbose folder /data/github/seekjs
15 verbose addLocalTarball adding from inside cache /Users/likaituan/.npm/seekjs/2.0.8/package.tgz
16 verbose correctMkdir /Users/likaituan/.npm correctMkdir not in flight; initializing
17 silly cache afterAdd seekjs@2.0.8
18 verbose afterAdd /Users/likaituan/.npm/seekjs/2.0.8/package/package.json not in flight; writing
19 verbose correctMkdir /Users/likaituan/.npm correctMkdir not in flight; initializing
20 verbose afterAdd /Users/likaituan/.npm/seekjs/2.0.8/package/package.json written
21 silly publish { name: 'seekjs',
21 silly publish   version: '2.0.8',
21 silly publish   description: 'seekjs前端框架',
21 silly publish   main: './module.js',
21 silly publish   author: { name: 'Li', email: '61114579@qq.com' },
21 silly publish   repository:
21 silly publish    { type: 'git',
21 silly publish      url: 'git+ssh://git@github.com/likaituan/seekjs.git' },
21 silly publish   scripts: { genui: 'node bin/genui.js' },
21 silly publish   gitHead: '578e844b9f2ef91fad5185ddcd2edff31b4faabe',
21 silly publish   bugs: { url: 'https://github.com/likaituan/seekjs/issues' },
21 silly publish   readme: 'ERROR: No README data found!',
21 silly publish   homepage: 'https://github.com/likaituan/seekjs#readme',
21 silly publish   _id: 'seekjs@2.0.8',
21 silly publish   _shasum: 'b4611fa7133ff4342c746ac4ef95adf2f65b3e95',
21 silly publish   _from: '.' }
22 verbose getPublishConfig undefined
23 silly mapToRegistry name seekjs
24 silly mapToRegistry using default registry
25 silly mapToRegistry registry https://registry.npmjs.org/
26 silly mapToRegistry uri https://registry.npmjs.org/seekjs
27 verbose publish registryBase https://registry.npmjs.org/
28 silly publish uploading /Users/likaituan/.npm/seekjs/2.0.8/package.tgz
29 verbose request uri https://registry.npmjs.org/seekjs
30 verbose request sending authorization for write operation
31 info attempt registry request try #1 at 6:39:47 PM
32 verbose request using bearer token for auth
33 verbose request id 9329c5b36d148e78
34 http request PUT https://registry.npmjs.org/seekjs
35 http 403 https://registry.npmjs.org/seekjs
36 verbose headers { 'content-type': 'application/json',
36 verbose headers   'cache-control': 'max-age=300',
36 verbose headers   'content-length': '95',
36 verbose headers   'accept-ranges': 'bytes',
36 verbose headers   date: 'Tue, 15 Nov 2016 10:39:50 GMT',
36 verbose headers   via: '1.1 varnish',
36 verbose headers   connection: 'keep-alive',
36 verbose headers   'x-served-by': 'cache-lcy1122-LCY',
36 verbose headers   'x-cache': 'MISS',
36 verbose headers   'x-cache-hits': '0',
36 verbose headers   'x-timer': 'S1479206389.108817,VS0,VE956',
36 verbose headers   vary: 'Accept-Encoding' }
37 verbose request invalidating /Users/likaituan/.npm/registry.npmjs.org/seekjs on PUT
38 error publish Failed PUT 403
39 verbose stack Error: "You cannot publish over the previously published version 2.0.8." : seekjs
39 verbose stack     at makeError (/usr/local/lib/node_modules/npm/node_modules/npm-registry-client/lib/request.js:264:12)
39 verbose stack     at CachingRegistryClient.<anonymous> (/usr/local/lib/node_modules/npm/node_modules/npm-registry-client/lib/request.js:252:14)
39 verbose stack     at Request._callback (/usr/local/lib/node_modules/npm/node_modules/npm-registry-client/lib/request.js:172:14)
39 verbose stack     at Request.self.callback (/usr/local/lib/node_modules/npm/node_modules/request/request.js:199:22)
39 verbose stack     at emitTwo (events.js:106:13)
39 verbose stack     at Request.emit (events.js:191:7)
39 verbose stack     at Request.<anonymous> (/usr/local/lib/node_modules/npm/node_modules/request/request.js:1036:10)
39 verbose stack     at emitOne (events.js:101:20)
39 verbose stack     at Request.emit (events.js:188:7)
39 verbose stack     at IncomingMessage.<anonymous> (/usr/local/lib/node_modules/npm/node_modules/request/request.js:963:12)
40 verbose statusCode 403
41 verbose pkgid seekjs
42 verbose cwd /data/github/seekjs
43 error Darwin 15.6.0
44 error argv "/usr/local/bin/node" "/usr/local/bin/npm" "publish"
45 error node v6.6.0
46 error npm  v3.7.5
47 error code E403
48 error "You cannot publish over the previously published version 2.0.8." : seekjs
49 error If you need help, you may report this error at:
49 error     <https://github.com/npm/npm/issues>
50 verbose exit [ 1, true ]
